[0mGET / [32m200[0m 232.238 ms - 35834[0m
[0mGET /css/layout.css [36m304[0m 5.840 ms - -[0m
[0mGET /css/_header.css [36m304[0m 4.378 ms - -[0m
[0mGET /css/home.css [36m304[0m 2.332 ms - -[0m
[0mGET /css/chat_box.css [36m304[0m 2.254 ms - -[0m
[0mGET /css/_post.css [36m304[0m 2.160 ms - -[0m
[0mGET /css/_answer.css [36m304[0m 3.773 ms - -[0m
[0mGET /js/chat_engine.js [36m304[0m 2.102 ms - -[0m
[0mGET /users/sign-in [32m200[0m 21.411 ms - 3104[0m
[0mGET /css/layout.css [36m304[0m 3.055 ms - -[0m
[0mGET /css/_header.css [36m304[0m 3.961 ms - -[0m
[0mPOST /users/create-session [36m302[0m 34.164 ms - 46[0m
[0mGET / [32m200[0m 60.378 ms - 53173[0m
[0mGET /css/layout.css [36m304[0m 1.038 ms - -[0m
[0mGET /css/_header.css [36m304[0m 2.064 ms - -[0m
[0mGET /css/home.css [36m304[0m 3.054 ms - -[0m
[0mGET /css/chat_box.css [36m304[0m 3.488 ms - -[0m
[0mGET /css/_post.css [36m304[0m 4.399 ms - -[0m
[0mGET /css/_answer.css [36m304[0m 5.239 ms - -[0m
[0mGET /js/chat_engine.js [36m304[0m 8.347 ms - -[0m
[0mGET /css/layout.css [32m200[0m 73.064 ms - 722[0m
[0mGET /css/_header.css [32m200[0m 108.449 ms - 696[0m
[0mGET /css/home.css [32m200[0m 109.751 ms - 3406[0m
[0mGET / [32m200[0m 522.591 ms - 35834[0m
[0mGET /css/_answer.css [36m304[0m 16.497 ms - -[0m
[0mGET /js/chat_engine.js [36m304[0m 11.736 ms - -[0m
[0mGET /css/chat_box.css [32m200[0m 151.224 ms - 1182[0m
[0mGET /css/_post.css [32m200[0m 182.872 ms - 1875[0m
[0mGET /users/sign-in [32m200[0m 38.690 ms - 3104[0m
[0mGET /css/layout.css [36m304[0m 3.391 ms - -[0m
[0mGET /css/_header.css [36m304[0m 3.229 ms - -[0m
[0mGET /users/sign-up [32m200[0m 42.351 ms - 3096[0m
[0mGET /css/layout.css [36m304[0m 2.749 ms - -[0m
[0mGET /css/_header.css [36m304[0m 2.305 ms - -[0m
[0mGET /users/sign-in [36m304[0m 13.986 ms - -[0m
[0mGET /css/layout.css [36m304[0m 1.675 ms - -[0m
[0mGET /css/_header.css [36m304[0m 3.130 ms - -[0m
[0mPOST /users/create-session [36m302[0m 90.148 ms - 46[0m
[0mGET / [32m200[0m 183.096 ms - 53173[0m
[0mGET /css/layout.css [36m304[0m 1.061 ms - -[0m
[0mGET /css/_header.css [36m304[0m 1.841 ms - -[0m
[0mGET /css/_post.css [36m304[0m 3.319 ms - -[0m
[0mGET /css/home.css [36m304[0m 2.848 ms - -[0m
[0mGET /css/chat_box.css [36m304[0m 5.449 ms - -[0m
[0mGET /js/chat_engine.js [36m304[0m 3.025 ms - -[0m
[0mGET /css/_answer.css [36m304[0m 3.123 ms - -[0m
[0mGET / [32m200[0m 178.711 ms - 52871[0m
[0mGET /css/layout.css [36m304[0m 17.031 ms - -[0m
[0mGET /css/_header.css [36m304[0m 14.746 ms - -[0m
[0mGET /css/chat_box.css [36m304[0m 11.445 ms - -[0m
[0mGET /css/_post.css [36m304[0m 12.353 ms - -[0m
[0mGET /css/_answer.css [36m304[0m 2.639 ms - -[0m
[0mGET /css/home.css [32m200[0m 25.741 ms - 3421[0m
[0mGET /js/chat_engine.js [36m304[0m 6.013 ms - -[0m
[0mGET / [36m304[0m 98.021 ms - -[0m
[0mGET /css/layout.css [36m304[0m 3.361 ms - -[0m
[0mGET /css/_header.css [36m304[0m 3.273 ms - -[0m
[0mGET /css/chat_box.css [36m304[0m 2.937 ms - -[0m
[0mGET /js/chat_engine.js [36m304[0m 3.760 ms - -[0m
[0mGET /css/_post.css [36m304[0m 3.639 ms - -[0m
[0mGET /css/_answer.css [36m304[0m 4.058 ms - -[0m
[0mGET /css/home.css [32m200[0m 14.487 ms - 3406[0m
[0mGET / [36m304[0m 89.144 ms - -[0m
[0mGET /css/layout.css [36m304[0m 1.113 ms - -[0m
[0mGET /css/_header.css [36m304[0m 2.825 ms - -[0m
[0mGET /css/chat_box.css [36m304[0m 4.741 ms - -[0m
[0mGET /js/chat_engine.js [36m304[0m 4.696 ms - -[0m
[0mGET /css/_post.css [36m304[0m 4.421 ms - -[0m
[0mGET /css/_answer.css [36m304[0m 5.478 ms - -[0m
[0mGET /css/home.css [32m200[0m 14.368 ms - 3418[0m
[0mGET /users/profile/64e908e5baf9900265830a2b [32m200[0m 49.843 ms - 5252[0m
[0mGET /css/layout.css [36m304[0m 2.089 ms - -[0m
[0mGET /css/_header.css [36m304[0m 1.852 ms - -[0m
[0mGET /css/profile.css [32m200[0m 21.674 ms - 863[0m
[0mGET /css/_post.css [36m304[0m 9.166 ms - -[0m
[0mGET /css/_answer.css [36m304[0m 6.258 ms - -[0m
[0mGET /css/home.css [32m200[0m 19.778 ms - 3406[0m
[0mGET /css/_post_profile.css [32m200[0m 28.983 ms - 1266[0m
[0mGET / [36m304[0m 100.972 ms - -[0m
[0mGET /css/_header.css [36m304[0m 3.838 ms - -[0m
[0mGET /css/home.css [36m304[0m 4.492 ms - -[0m
[0mGET /css/chat_box.css [36m304[0m 4.421 ms - -[0m
[0mGET /css/layout.css [36m304[0m 14.079 ms - -[0m
[0mGET /css/_post.css [36m304[0m 1.777 ms - -[0m
[0mGET /css/_answer.css [36m304[0m 1.149 ms - -[0m
[0mGET /js/chat_engine.js [36m304[0m 1.284 ms - -[0m
[0mGET / [36m304[0m 93.921 ms - -[0m
[0mGET /css/layout.css [36m304[0m 2.440 ms - -[0m
[0mGET /css/_header.css [36m304[0m 1.717 ms - -[0m
[0mGET /css/chat_box.css [36m304[0m 4.546 ms - -[0m
[0mGET /css/_post.css [36m304[0m 3.511 ms - -[0m
[0mGET /css/_answer.css [36m304[0m 3.441 ms - -[0m
[0mGET /css/home.css [32m200[0m 12.898 ms - 3409[0m
[0mGET /js/chat_engine.js [36m304[0m 3.985 ms - -[0m
[0mGET / [36m304[0m 112.571 ms - -[0m
[0mGET /css/layout.css [36m304[0m 3.690 ms - -[0m
[0mGET /css/chat_box.css [36m304[0m 4.065 ms - -[0m
[0mGET /css/_post.css [36m304[0m 6.386 ms - -[0m
[0mGET /css/home.css [36m304[0m 3.313 ms - -[0m
[0mGET /css/_answer.css [36m304[0m 4.077 ms - -[0m
[0mGET /css/_header.css [32m200[0m 16.226 ms - 704[0m
[0mGET /js/chat_engine.js [36m304[0m 3.897 ms - -[0m
[0mGET / [36m304[0m 85.817 ms - -[0m
[0mGET /css/layout.css [36m304[0m 4.598 ms - -[0m
[0mGET /css/_post.css [36m304[0m 2.557 ms - -[0m
[0mGET /css/home.css [36m304[0m 10.658 ms - -[0m
[0mGET /css/chat_box.css [36m304[0m 9.877 ms - -[0m
[0mGET /css/_answer.css [36m304[0m 5.657 ms - -[0m
[0mGET /css/_header.css [32m200[0m 26.026 ms - 717[0m
[0mGET /js/chat_engine.js [36m304[0m 5.038 ms - -[0m
[0mGET / [36m304[0m 204.557 ms - -[0m
[0mGET /css/layout.css [36m304[0m 6.850 ms - -[0m
[0mGET /css/home.css [36m304[0m 5.160 ms - -[0m
[0mGET /css/chat_box.css [36m304[0m 10.492 ms - -[0m
[0mGET /css/_post.css [36m304[0m 3.667 ms - -[0m
[0mGET /css/_answer.css [36m304[0m 5.816 ms - -[0m
[0mGET /css/_header.css [32m200[0m 19.597 ms - 691[0m
[0mGET /js/chat_engine.js [36m304[0m 2.792 ms - -[0m
[0mGET / [36m304[0m 85.497 ms - -[0m
[0mGET /css/layout.css [36m304[0m 1.258 ms - -[0m
[0mGET /css/home.css [36m304[0m 5.278 ms - -[0m
[0mGET /css/_header.css [32m200[0m 12.743 ms - 703[0m
[0mGET /css/chat_box.css [36m304[0m 4.709 ms - -[0m
[0mGET /css/_post.css [36m304[0m 4.723 ms - -[0m
[0mGET /css/_answer.css [36m304[0m 5.507 ms - -[0m
[0mGET /js/chat_engine.js [36m304[0m 5.555 ms - -[0m
[0mGET /users/profile/64ea4bd4074dd0288db9a38a [32m200[0m 23.122 ms - 3755[0m
[0mGET /css/layout.css [36m304[0m 7.441 ms - -[0m
[0mGET /css/home.css [36m304[0m 4.911 ms - -[0m
[0mGET /css/_header.css [36m304[0m 3.299 ms - -[0m
[0mGET /css/profile.css [36m304[0m 5.451 ms - -[0m
[0mGET /css/_post.css [36m304[0m 2.491 ms - -[0m
[0mGET /css/_answer.css [36m304[0m 5.486 ms - -[0m
[0mGET / [36m304[0m 158.376 ms - -[0m
[0mGET /css/layout.css [36m304[0m 1.369 ms - -[0m
[0mGET /css/_header.css [36m304[0m 3.195 ms - -[0m
[0mGET /css/home.css [36m304[0m 7.433 ms - -[0m
[0mGET /css/chat_box.css [36m304[0m 7.748 ms - -[0m
[0mGET /css/_post.css [36m304[0m 7.356 ms - -[0m
[0mGET /css/_answer.css [36m304[0m 10.364 ms - -[0m
[0mGET /js/chat_engine.js [36m304[0m 5.515 ms - -[0m
[0mGET / [32m200[0m 131.825 ms - 52878[0m
[0mGET /css/layout.css [36m304[0m 2.798 ms - -[0m
[0mGET /css/_header.css [36m304[0m 2.974 ms - -[0m
[0mGET /css/home.css [36m304[0m 3.920 ms - -[0m
[0mGET /css/chat_box.css [36m304[0m 3.849 ms - -[0m
[0mGET /css/_answer.css [36m304[0m 3.811 ms - -[0m
[0mGET /css/_post.css [36m304[0m 5.253 ms - -[0m
[0mGET /js/chat_engine.js [36m304[0m 2.571 ms - -[0m
[0mGET / [32m200[0m 117.362 ms - 52878[0m
[0mGET /css/layout.css [36m304[0m 1.733 ms - -[0m
[0mGET /css/_header.css [36m304[0m 1.144 ms - -[0m
[0mGET /css/home.css [36m304[0m 3.890 ms - -[0m
[0mGET /css/chat_box.css [36m304[0m 4.082 ms - -[0m
[0mGET /css/_post.css [36m304[0m 12.370 ms - -[0m
[0mGET /css/_answer.css [36m304[0m 9.582 ms - -[0m
[0mGET /js/chat_engine.js [36m304[0m 4.282 ms - -[0m
[0mGET / [36m304[0m 137.617 ms - -[0m
[0mGET /css/layout.css [36m304[0m 3.152 ms - -[0m
[0mGET /css/home.css [36m304[0m 4.406 ms - -[0m
[0mGET /css/chat_box.css [36m304[0m 4.610 ms - -[0m
[0mGET /css/_post.css [36m304[0m 4.684 ms - -[0m
[0mGET /css/_answer.css [36m304[0m 7.587 ms - -[0m
[0mGET /css/_header.css [32m200[0m 17.301 ms - 744[0m
[0mGET /js/chat_engine.js [36m304[0m 3.938 ms - -[0m
[0mGET / [36m304[0m 95.509 ms - -[0m
[0mGET /css/layout.css [36m304[0m 1.539 ms - -[0m
[0mGET /css/home.css [36m304[0m 3.182 ms - -[0m
[0mGET /css/chat_box.css [36m304[0m 3.190 ms - -[0m
[0mGET /css/_post.css [36m304[0m 7.326 ms - -[0m
[0mGET /css/_header.css [32m200[0m 13.695 ms - 745[0m
[0mGET /css/_answer.css [36m304[0m 6.112 ms - -[0m
[0mGET /js/chat_engine.js [36m304[0m 4.730 ms - -[0m
[0mGET / [36m304[0m 90.279 ms - -[0m
[0mGET /css/layout.css [36m304[0m 4.118 ms - -[0m
[0mGET /css/_answer.css [36m304[0m 5.690 ms - -[0m
[0mGET /css/home.css [36m304[0m 5.170 ms - -[0m
[0mGET /css/chat_box.css [36m304[0m 5.003 ms - -[0m
[0mGET /css/_post.css [36m304[0m 6.934 ms - -[0m
[0mGET /js/chat_engine.js [36m304[0m 4.561 ms - -[0m
[0mGET /css/_header.css [32m200[0m 17.865 ms - 774[0m
[0mGET / [36m304[0m 130.587 ms - -[0m
[0mGET /css/layout.css [36m304[0m 4.163 ms - -[0m
[0mGET /css/_post.css [36m304[0m 5.087 ms - -[0m
[0mGET /css/_answer.css [36m304[0m 5.067 ms - -[0m
[0mGET /css/home.css [36m304[0m 5.535 ms - -[0m
[0mGET /css/chat_box.css [36m304[0m 6.832 ms - -[0m
[0mGET /css/_header.css [32m200[0m 18.915 ms - 852[0m
[0mGET /js/chat_engine.js [36m304[0m 2.687 ms - -[0m
[0mGET / [36m304[0m 99.895 ms - -[0m
[0mGET /css/layout.css [36m304[0m 3.937 ms - -[0m
[0mGET /css/_post.css [36m304[0m 3.000 ms - -[0m
[0mGET /css/home.css [36m304[0m 7.139 ms - -[0m
[0mGET /css/_header.css [32m200[0m 15.103 ms - 774[0m
[0mGET /css/_answer.css [36m304[0m 5.182 ms - -[0m
[0mGET /css/chat_box.css [36m304[0m 5.023 ms - -[0m
[0mGET /js/chat_engine.js [36m304[0m 1.575 ms - -[0m
[0mGET / [36m304[0m 106.184 ms - -[0m
[0mGET /css/layout.css [36m304[0m 3.516 ms - -[0m
[0mGET /css/_header.css [36m304[0m 3.929 ms - -[0m
[0mGET /css/chat_box.css [36m304[0m 4.897 ms - -[0m
[0mGET /css/_post.css [36m304[0m 4.358 ms - -[0m
[0mGET /css/_answer.css [36m304[0m 3.749 ms - -[0m
[0mGET /js/chat_engine.js [36m304[0m 2.247 ms - -[0m
[0mGET /css/home.css [32m200[0m 10.841 ms - 3421[0m
[0mGET / [36m304[0m 124.401 ms - -[0m
[0mGET /css/layout.css [36m304[0m 2.510 ms - -[0m
[0mGET /css/_header.css [36m304[0m 3.333 ms - -[0m
[0mGET /css/_answer.css [36m304[0m 9.962 ms - -[0m
[0mGET /css/chat_box.css [36m304[0m 10.623 ms - -[0m
[0mGET /css/_post.css [36m304[0m 7.987 ms - -[0m
[0mGET /js/chat_engine.js [36m304[0m 4.659 ms - -[0m
[0mGET /css/home.css [32m200[0m 19.706 ms - 3421[0m
[0mGET / [36m304[0m 94.031 ms - -[0m
[0mGET /css/layout.css [36m304[0m 1.566 ms - -[0m
[0mGET /css/_header.css [36m304[0m 2.406 ms - -[0m
[0mGET /css/chat_box.css [36m304[0m 6.132 ms - -[0m
[0mGET /css/_post.css [36m304[0m 4.639 ms - -[0m
[0mGET /css/_answer.css [36m304[0m 5.595 ms - -[0m
[0mGET /js/chat_engine.js [36m304[0m 2.685 ms - -[0m
[0mGET /css/home.css [32m200[0m 16.379 ms - 3444[0m
[0mGET / [36m304[0m 90.726 ms - -[0m
[0mGET /css/layout.css [36m304[0m 2.979 ms - -[0m
[0mGET /css/_header.css [36m304[0m 2.733 ms - -[0m
[0mGET /css/_post.css [36m304[0m 3.347 ms - -[0m
[0mGET /css/chat_box.css [36m304[0m 6.544 ms - -[0m
[0mGET /css/_answer.css [36m304[0m 3.014 ms - -[0m
[0mGET /js/chat_engine.js [36m304[0m 2.776 ms - -[0m
[0mGET /css/home.css [32m200[0m 10.522 ms - 3444[0m
[0mGET / [36m304[0m 143.770 ms - -[0m
[0mGET /css/layout.css [36m304[0m 1.194 ms - -[0m
[0mGET /css/_header.css [36m304[0m 1.446 ms - -[0m
[0mGET /css/chat_box.css [36m304[0m 4.683 ms - -[0m
[0mGET /css/_post.css [36m304[0m 4.821 ms - -[0m
[0mGET /css/_answer.css [36m304[0m 4.746 ms - -[0m
[0mGET /css/home.css [32m200[0m 11.989 ms - 3444[0m
[0mGET /js/chat_engine.js [36m304[0m 2.570 ms - -[0m
[0mGET / [36m304[0m 92.832 ms - -[0m
[0mGET /css/layout.css [36m304[0m 7.943 ms - -[0m
[0mGET /css/_header.css [36m304[0m 8.469 ms - -[0m
[0mGET /css/chat_box.css [36m304[0m 3.634 ms - -[0m
[0mGET /css/_post.css [36m304[0m 3.941 ms - -[0m
[0mGET /css/_answer.css [36m304[0m 5.964 ms - -[0m
[0mGET /js/chat_engine.js [36m304[0m 2.874 ms - -[0m
[0mGET /css/home.css [32m200[0m 12.543 ms - 3492[0m
[0mGET / [36m304[0m 116.828 ms - -[0m
[0mGET /css/layout.css [36m304[0m 1.453 ms - -[0m
[0mGET /css/_header.css [36m304[0m 1.254 ms - -[0m
[0mGET /css/chat_box.css [36m304[0m 5.388 ms - -[0m
[0mGET /css/_post.css [36m304[0m 4.601 ms - -[0m
[0mGET /js/chat_engine.js [36m304[0m 4.627 ms - -[0m
[0mGET /css/home.css [32m200[0m 13.605 ms - 3590[0m
[0mGET /css/_answer.css [36m304[0m 3.573 ms - -[0m
[0mGET / [36m304[0m 106.659 ms - -[0m
[0mGET /css/_header.css [36m304[0m 8.034 ms - -[0m
[0mGET /css/layout.css [32m200[0m 21.728 ms - 794[0m
[0mGET /css/home.css [36m304[0m 11.508 ms - -[0m
[0mGET /css/chat_box.css [36m304[0m 11.257 ms - -[0m
[0mGET /css/_post.css [36m304[0m 8.501 ms - -[0m
[0mGET /css/_answer.css [36m304[0m 8.075 ms - -[0m
[0mGET /js/chat_engine.js [36m304[0m 2.474 ms - -[0m
[0mGET / [36m304[0m 109.850 ms - -[0m
[0mGET /css/layout.css [36m304[0m 2.723 ms - -[0m
[0mGET /css/_header.css [36m304[0m 2.629 ms - -[0m
[0mGET /css/chat_box.css [36m304[0m 2.817 ms - -[0m
[0mGET /css/_post.css [36m304[0m 3.319 ms - -[0m
[0mGET /css/_answer.css [36m304[0m 2.556 ms - -[0m
[0mGET /js/chat_engine.js [36m304[0m 3.474 ms - -[0m
[0mGET /css/home.css [32m200[0m 7.725 ms - 3589[0m
[0mGET / [36m304[0m 85.660 ms - -[0m
[0mGET /css/layout.css [36m304[0m 1.123 ms - -[0m
[0mGET /css/_header.css [36m304[0m 5.047 ms - -[0m
[0mGET /css/chat_box.css [36m304[0m 6.742 ms - -[0m
[0mGET /css/_post.css [36m304[0m 3.219 ms - -[0m
[0mGET /css/_answer.css [36m304[0m 4.314 ms - -[0m
[0mGET /css/home.css [32m200[0m 14.318 ms - 3588[0m
[0mGET /js/chat_engine.js [36m304[0m 8.273 ms - -[0m
[0mGET / [36m304[0m 81.196 ms - -[0m
[0mGET /css/layout.css [36m304[0m 1.211 ms - -[0m
[0mGET /css/_header.css [36m304[0m 1.536 ms - -[0m
[0mGET /css/chat_box.css [36m304[0m 6.731 ms - -[0m
[0mGET /css/_post.css [36m304[0m 6.892 ms - -[0m
[0mGET /css/_answer.css [36m304[0m 5.949 ms - -[0m
[0mGET /js/chat_engine.js [36m304[0m 4.958 ms - -[0m
[0mGET /css/home.css [32m200[0m 14.089 ms - 3589[0m
[0mGET / [36m304[0m 87.074 ms - -[0m
[0mGET /css/layout.css [36m304[0m 1.205 ms - -[0m
[0mGET /css/_header.css [36m304[0m 1.434 ms - -[0m
[0mGET /css/chat_box.css [36m304[0m 7.611 ms - -[0m
[0mGET /css/_post.css [36m304[0m 8.198 ms - -[0m
[0mGET /css/_answer.css [36m304[0m 11.594 ms - -[0m
[0mGET /js/chat_engine.js [36m304[0m 4.531 ms - -[0m
[0mGET /css/home.css [32m200[0m 21.726 ms - 3588[0m
[0mGET / [36m304[0m 78.594 ms - -[0m
[0mGET /css/layout.css [36m304[0m 2.804 ms - -[0m
[0mGET /css/_header.css [36m304[0m 4.561 ms - -[0m
[0mGET /css/chat_box.css [36m304[0m 6.232 ms - -[0m
[0mGET /css/_post.css [36m304[0m 6.473 ms - -[0m
[0mGET /css/_answer.css [36m304[0m 5.247 ms - -[0m
[0mGET /css/home.css [32m200[0m 17.080 ms - 3609[0m
[0mGET /js/chat_engine.js [36m304[0m 6.720 ms - -[0m
[0mGET / [36m304[0m 120.819 ms - -[0m
[0mGET /css/layout.css [36m304[0m 2.439 ms - -[0m
[0mGET /css/_header.css [36m304[0m 5.844 ms - -[0m
[0mGET /css/chat_box.css [36m304[0m 2.911 ms - -[0m
[0mGET /css/_post.css [36m304[0m 3.055 ms - -[0m
[0mGET /css/_answer.css [36m304[0m 4.051 ms - -[0m
[0mGET /js/chat_engine.js [36m304[0m 1.716 ms - -[0m
[0mGET /css/home.css [32m200[0m 9.121 ms - 3632[0m
[0mGET / [36m304[0m 98.947 ms - -[0m
[0mGET /css/layout.css [36m304[0m 6.906 ms - -[0m
[0mGET /css/_header.css [36m304[0m 2.965 ms - -[0m
[0mGET /css/chat_box.css [36m304[0m 2.329 ms - -[0m
[0mGET /css/_post.css [36m304[0m 5.362 ms - -[0m
[0mGET /css/home.css [32m200[0m 12.876 ms - 3628[0m
[0mGET /css/_answer.css [36m304[0m 6.526 ms - -[0m
[0mGET /js/chat_engine.js [36m304[0m 5.611 ms - -[0m
[0mGET / [36m304[0m 118.520 ms - -[0m
[0mGET /css/layout.css [36m304[0m 10.412 ms - -[0m
[0mGET /css/_header.css [36m304[0m 7.455 ms - -[0m
[0mGET /css/home.css [36m304[0m 5.847 ms - -[0m
[0mGET /css/chat_box.css [36m304[0m 6.224 ms - -[0m
[0mGET /css/_post.css [36m304[0m 7.623 ms - -[0m
[0mGET /css/_answer.css [36m304[0m 8.157 ms - -[0m
[0mGET /js/chat_engine.js [36m304[0m 0.920 ms - -[0m
[0mGET / [36m304[0m 83.637 ms - -[0m
[0mGET /css/layout.css [36m304[0m 8.561 ms - -[0m
[0mGET /css/_header.css [36m304[0m 8.392 ms - -[0m
[0mGET /css/home.css [36m304[0m 6.008 ms - -[0m
[0mGET /css/chat_box.css [36m304[0m 6.693 ms - -[0m
[0mGET /css/_post.css [36m304[0m 7.535 ms - -[0m
[0mGET /css/_answer.css [36m304[0m 3.758 ms - -[0m
[0mGET /js/chat_engine.js [36m304[0m 2.425 ms - -[0m
[0mGET / [36m304[0m 107.786 ms - -[0m
[0mGET /css/layout.css [36m304[0m 1.771 ms - -[0m
[0mGET /css/_header.css [36m304[0m 4.505 ms - -[0m
[0mGET /css/home.css [36m304[0m 4.371 ms - -[0m
[0mGET /css/chat_box.css [36m304[0m 4.392 ms - -[0m
[0mGET /css/_post.css [36m304[0m 4.033 ms - -[0m
[0mGET /css/_answer.css [36m304[0m 3.697 ms - -[0m
[0mGET /js/chat_engine.js [36m304[0m 1.337 ms - -[0m
[0mGET /users/profile/64e8edd825b3c2f84a5d23c2 [32m200[0m 43.363 ms - 10224[0m
[0mGET /css/layout.css [36m304[0m 1.118 ms - -[0m
[0mGET /css/_header.css [36m304[0m 1.892 ms - -[0m
[0mGET /css/home.css [36m304[0m 8.529 ms - -[0m
[0mGET /css/_post.css [36m304[0m 10.966 ms - -[0m
[0mGET /css/_answer.css [36m304[0m 13.896 ms - -[0m
[0mGET /css/profile.css [32m200[0m 27.288 ms - 875[0m
[0mGET /css/_post_profile.css [32m200[0m 35.706 ms - 1301[0m
[0mGET / [36m304[0m 175.641 ms - -[0m
[0mGET /css/layout.css [36m304[0m 7.049 ms - -[0m
[0mGET /css/_header.css [36m304[0m 6.515 ms - -[0m
[0mGET /css/_post.css [36m304[0m 8.180 ms - -[0m
[0mGET /css/home.css [36m304[0m 7.039 ms - -[0m
[0mGET /css/chat_box.css [36m304[0m 7.194 ms - -[0m
[0mGET /js/chat_engine.js [36m304[0m 8.165 ms - -[0m
[0mGET /css/_answer.css [36m304[0m 7.649 ms - -[0m
[0mGET / [36m304[0m 90.662 ms - -[0m
[0mGET /css/layout.css [36m304[0m 2.708 ms - -[0m
[0mGET /css/_header.css [36m304[0m 2.504 ms - -[0m
[0mGET /css/home.css [36m304[0m 3.267 ms - -[0m
[0mGET /css/chat_box.css [36m304[0m 3.176 ms - -[0m
[0mGET /css/_answer.css [36m304[0m 4.023 ms - -[0m
[0mGET /css/_post.css [32m200[0m 10.509 ms - 1887[0m
[0mGET /js/chat_engine.js [36m304[0m 3.476 ms - -[0m
[0mGET / [36m304[0m 133.831 ms - -[0m
[0mGET /css/layout.css [36m304[0m 5.452 ms - -[0m
[0mGET /css/_header.css [36m304[0m 6.403 ms - -[0m
[0mGET /css/home.css [36m304[0m 5.806 ms - -[0m
[0mGET /css/chat_box.css [36m304[0m 26.198 ms - -[0m
[0mGET /css/_answer.css [36m304[0m 13.510 ms - -[0m
[0mGET /js/chat_engine.js [36m304[0m 9.362 ms - -[0m
[0mGET /css/_post.css [32m200[0m 33.292 ms - 1910[0m
[0mGET / [36m304[0m 148.555 ms - -[0m
[0mGET /css/layout.css [36m304[0m 7.923 ms - -[0m
[0mGET /css/_header.css [36m304[0m 9.059 ms - -[0m
[0mGET /css/home.css [36m304[0m 11.183 ms - -[0m
[0mGET /css/_answer.css [36m304[0m 10.895 ms - -[0m
[0mGET /css/chat_box.css [36m304[0m 8.782 ms - -[0m
[0mGET /js/chat_engine.js [36m304[0m 5.915 ms - -[0m
[0mGET /css/_post.css [32m200[0m 22.697 ms - 1910[0m
[0mGET / [36m304[0m 98.519 ms - -[0m
[0mGET /css/layout.css [36m304[0m 3.089 ms - -[0m
[0mGET /css/_header.css [36m304[0m 3.508 ms - -[0m
[0mGET /css/_answer.css [36m304[0m 5.034 ms - -[0m
[0mGET /css/home.css [36m304[0m 4.738 ms - -[0m
[0mGET /css/chat_box.css [36m304[0m 5.580 ms - -[0m
[0mGET /js/chat_engine.js [36m304[0m 1.716 ms - -[0m
[0mGET /css/_post.css [32m200[0m 9.611 ms - 1913[0m
[0mGET / [36m304[0m 83.862 ms - -[0m
[0mGET /css/layout.css [36m304[0m 6.191 ms - -[0m
[0mGET /css/_header.css [36m304[0m 6.724 ms - -[0m
[0mGET /css/chat_box.css [36m304[0m 5.169 ms - -[0m
[0mGET /css/_answer.css [36m304[0m 4.686 ms - -[0m
[0mGET /css/home.css [36m304[0m 6.153 ms - -[0m
[0mGET /js/chat_engine.js [36m304[0m 2.109 ms - -[0m
[0mGET /css/_post.css [32m200[0m 11.173 ms - 1926[0m
[0mGET / [36m304[0m 82.492 ms - -[0m
[0mGET /css/layout.css [36m304[0m 1.369 ms - -[0m
[0mGET /css/_header.css [36m304[0m 3.742 ms - -[0m
[0mGET /css/home.css [36m304[0m 3.472 ms - -[0m
[0mGET /css/chat_box.css [36m304[0m 6.682 ms - -[0m
[0mGET /js/chat_engine.js [36m304[0m 5.127 ms - -[0m
[0mGET /css/_answer.css [32m200[0m 5.439 ms - 2767[0m
[0mGET /css/_post.css [32m200[0m 8.661 ms - 1938[0m
[0mGET /users/profile/64e908e5baf9900265830a2b [32m200[0m 31.692 ms - 5259[0m
[0mGET /css/layout.css [36m304[0m 0.805 ms - -[0m
[0mGET /css/_header.css [36m304[0m 4.902 ms - -[0m
[0mGET /css/profile.css [36m304[0m 11.231 ms - -[0m
[0mGET /css/home.css [36m304[0m 5.829 ms - -[0m
[0mGET /css/_post.css [36m304[0m 5.399 ms - -[0m
[0mGET /css/_answer.css [36m304[0m 4.336 ms - -[0m
[0mGET /css/_post_profile.css [36m304[0m 2.085 ms - -[0m
[0mGET / [36m304[0m 100.320 ms - -[0m
[0mGET /css/layout.css [36m304[0m 1.151 ms - -[0m
[0mGET /css/_header.css [36m304[0m 2.596 ms - -[0m
[0mGET /css/home.css [36m304[0m 5.627 ms - -[0m
[0mGET /css/chat_box.css [36m304[0m 3.633 ms - -[0m
[0mGET /css/_post.css [36m304[0m 6.744 ms - -[0m
[0mGET /js/chat_engine.js [36m304[0m 3.916 ms - -[0m
[0mGET /css/_answer.css [36m304[0m 4.421 ms - -[0m
[0mGET /users/profile/64ea4bd4074dd0288db9a38a [32m200[0m 26.123 ms - 3762[0m
[0mGET /css/layout.css [36m304[0m 2.682 ms - -[0m
[0mGET /css/_header.css [36m304[0m 3.161 ms - -[0m
[0mGET /css/home.css [36m304[0m 5.232 ms - -[0m
[0mGET /css/_post.css [36m304[0m 4.626 ms - -[0m
[0mGET /css/profile.css [36m304[0m 9.076 ms - -[0m
[0mGET /css/_answer.css [36m304[0m 6.835 ms - -[0m
[0mPOST /friend/create-friend [36m302[0m 102.306 ms - 164[0m
[0mGET /users/profile/64ea4bd4074dd0288db9a38a [32m200[0m 42.291 ms - 3743[0m
[0mGET /css/layout.css [36m304[0m 1.544 ms - -[0m
[0mGET /css/_header.css [36m304[0m 8.731 ms - -[0m
[0mGET /css/profile.css [36m304[0m 8.983 ms - -[0m
[0mGET /css/home.css [36m304[0m 8.557 ms - -[0m
[0mGET /css/_post.css [36m304[0m 7.694 ms - -[0m
[0mGET /css/_answer.css [36m304[0m 7.314 ms - -[0m
[0mGET / [32m200[0m 124.685 ms - 53718[0m
[0mGET /css/layout.css [36m304[0m 7.005 ms - -[0m
[0mGET /css/_header.css [36m304[0m 6.380 ms - -[0m
[0mGET /css/home.css [36m304[0m 7.968 ms - -[0m
[0mGET /css/_post.css [36m304[0m 6.699 ms - -[0m
[0mGET /css/_answer.css [36m304[0m 6.500 ms - -[0m
[0mGET /css/chat_box.css [36m304[0m 11.849 ms - -[0m
[0mGET /js/chat_engine.js [36m304[0m 2.854 ms - -[0m
[0mGET / [36m304[0m 131.408 ms - -[0m
[0mGET /css/layout.css [36m304[0m 2.918 ms - -[0m
[0mGET /css/_header.css [36m304[0m 20.161 ms - -[0m
[0mGET /css/chat_box.css [36m304[0m 3.892 ms - -[0m
[0mGET /css/home.css [36m304[0m 7.050 ms - -[0m
[0mGET /css/_post.css [36m304[0m 4.378 ms - -[0m
[0mGET /css/_answer.css [36m304[0m 1.991 ms - -[0m
[0mGET /js/chat_engine.js [36m304[0m 0.906 ms - -[0m
[0mGET / [36m304[0m 112.138 ms - -[0m
[0mGET /css/layout.css [36m304[0m 2.762 ms - -[0m
[0mGET /css/home.css [36m304[0m 4.519 ms - -[0m
[0mGET /css/chat_box.css [36m304[0m 4.145 ms - -[0m
[0mGET /css/_post.css [36m304[0m 6.554 ms - -[0m
[0mGET /css/_answer.css [36m304[0m 3.669 ms - -[0m
[0mGET /js/chat_engine.js [36m304[0m 3.537 ms - -[0m
[0mGET /css/_header.css [32m200[0m 15.424 ms - 918[0m
[0mGET /users/sign-out [36m302[0m 26.561 ms - 46[0m
[0mGET / [32m200[0m 105.308 ms - 36144[0m
[0mGET /css/layout.css [36m304[0m 7.626 ms - -[0m
[0mGET /css/_header.css [36m304[0m 8.547 ms - -[0m
[0mGET /css/home.css [36m304[0m 4.993 ms - -[0m
[0mGET /css/chat_box.css [36m304[0m 3.509 ms - -[0m
[0mGET /css/_post.css [36m304[0m 5.742 ms - -[0m
[0mGET /css/_answer.css [36m304[0m 3.196 ms - -[0m
[0mGET /js/chat_engine.js [36m304[0m 2.757 ms - -[0m
[0mGET /users/sign-in [32m200[0m 18.400 ms - 3111[0m
[0mGET /css/layout.css [36m304[0m 2.069 ms - -[0m
[0mGET /css/_header.css [36m304[0m 2.055 ms - -[0m
[0mPOST /users/create-session [36m302[0m 36.828 ms - 46[0m
[0mGET / [32m200[0m 137.036 ms - 54020[0m
[0mGET /css/layout.css [36m304[0m 1.101 ms - -[0m
[0mGET /css/_header.css [36m304[0m 15.257 ms - -[0m
[0mGET /css/home.css [36m304[0m 14.596 ms - -[0m
[0mGET /css/chat_box.css [36m304[0m 11.294 ms - -[0m
[0mGET /css/_post.css [36m304[0m 10.264 ms - -[0m
[0mGET /css/_answer.css [36m304[0m 7.090 ms - -[0m
[0mGET /js/chat_engine.js [36m304[0m 5.413 ms - -[0m
[0mPOST /likes/create-answer-like [36m302[0m 222.838 ms - 88[0m
[0mGET / [32m200[0m 127.123 ms - 53718[0m
[0mGET /css/layout.css [36m304[0m 8.625 ms - -[0m
[0mGET /css/_header.css [36m304[0m 7.832 ms - -[0m
[0mGET /css/home.css [36m304[0m 5.889 ms - -[0m
[0mGET /css/chat_box.css [36m304[0m 5.404 ms - -[0m
[0mGET /css/_post.css [36m304[0m 3.241 ms - -[0m
[0mGET /css/_answer.css [36m304[0m 2.833 ms - -[0m
[0mGET /js/chat_engine.js [36m304[0m 2.590 ms - -[0m
[0mPOST /likes/create-post-like [36m302[0m 79.337 ms - 88[0m
[0mGET / [32m200[0m 89.356 ms - 53718[0m
[0mGET /css/layout.css [36m304[0m 1.073 ms - -[0m
[0mGET /css/_header.css [36m304[0m 5.008 ms - -[0m
[0mGET /css/home.css [36m304[0m 4.442 ms - -[0m
[0mGET /css/chat_box.css [36m304[0m 4.337 ms - -[0m
[0mGET /css/_post.css [36m304[0m 1.209 ms - -[0m
[0mGET /css/_answer.css [36m304[0m 2.413 ms - -[0m
[0mGET /js/chat_engine.js [36m304[0m 2.567 ms - -[0m
[0mGET /users/profile/64e908e5baf9900265830a2b [36m304[0m 30.786 ms - -[0m
[0mGET /css/layout.css [36m304[0m 1.300 ms - -[0m
[0mGET /css/_header.css [36m304[0m 8.493 ms - -[0m
[0mGET /css/profile.css [36m304[0m 23.629 ms - -[0m
[0mGET /css/_post.css [36m304[0m 13.087 ms - -[0m
[0mGET /css/_answer.css [36m304[0m 9.117 ms - -[0m
[0mGET /css/home.css [36m304[0m 6.008 ms - -[0m
[0mGET /css/_post_profile.css [36m304[0m 1.625 ms - -[0m
[0mGET / [36m304[0m 102.577 ms - -[0m
[0mGET /css/layout.css [36m304[0m 1.069 ms - -[0m
[0mGET /css/_header.css [36m304[0m 4.017 ms - -[0m
[0mGET /css/home.css [36m304[0m 9.106 ms - -[0m
[0mGET /js/chat_engine.js [36m304[0m 9.082 ms - -[0m
[0mGET /css/chat_box.css [36m304[0m 7.693 ms - -[0m
[0mGET /css/_post.css [36m304[0m 7.281 ms - -[0m
[0mGET /css/_answer.css [36m304[0m 6.988 ms - -[0m
[0mGET / [36m304[0m 81.545 ms - -[0m
[0mGET /css/layout.css [36m304[0m 2.137 ms - -[0m
[0mGET /css/_post.css [36m304[0m 3.546 ms - -[0m
[0mGET /css/home.css [36m304[0m 3.552 ms - -[0m
[0mGET /css/chat_box.css [36m304[0m 6.739 ms - -[0m
[0mGET /css/_header.css [32m200[0m 16.482 ms - 918[0m
[0mGET /js/chat_engine.js [36m304[0m 5.005 ms - -[0m
[0mGET /css/_answer.css [36m304[0m 4.499 ms - -[0m
[0mGET / [36m304[0m 128.019 ms - -[0m
[0mGET /css/layout.css [36m304[0m 2.943 ms - -[0m
[0mGET /css/home.css [36m304[0m 3.539 ms - -[0m
[0mGET /css/chat_box.css [36m304[0m 4.003 ms - -[0m
[0mGET /css/_post.css [36m304[0m 4.029 ms - -[0m
[0mGET /css/_answer.css [36m304[0m 3.937 ms - -[0m
[0mGET /css/_header.css [32m200[0m 11.716 ms - 906[0m
[0mGET /js/chat_engine.js [36m304[0m 1.310 ms - -[0m
[0mGET / [36m304[0m 89.195 ms - -[0m
[0mGET /css/layout.css [36m304[0m 2.259 ms - -[0m
[0mGET /css/home.css [36m304[0m 3.710 ms - -[0m
[0mGET /css/chat_box.css [36m304[0m 3.609 ms - -[0m
[0mGET /css/_header.css [32m200[0m 14.117 ms - 918[0m
[0mGET /css/_post.css [36m304[0m 7.260 ms - -[0m
[0mGET /css/_answer.css [36m304[0m 5.002 ms - -[0m
[0mGET /js/chat_engine.js [36m304[0m 5.102 ms - -[0m
[0mGET / [36m304[0m 120.013 ms - -[0m
[0mGET /css/layout.css [36m304[0m 1.558 ms - -[0m
[0mGET /css/_header.css [32m200[0m 6.109 ms - 910[0m
[0mGET /css/home.css [36m304[0m 6.286 ms - -[0m
[0mGET /css/chat_box.css [36m304[0m 5.472 ms - -[0m
[0mGET /css/_post.css [36m304[0m 5.411 ms - -[0m
[0mGET /css/_answer.css [36m304[0m 6.142 ms - -[0m
[0mGET /js/chat_engine.js [36m304[0m 6.371 ms - -[0m
[0mGET / [36m304[0m 115.977 ms - -[0m
[0mGET /css/layout.css [36m304[0m 1.729 ms - -[0m
[0mGET /css/_header.css [36m304[0m 3.158 ms - -[0m
[0mGET /css/home.css [36m304[0m 11.716 ms - -[0m
[0mGET /css/chat_box.css [36m304[0m 11.078 ms - -[0m
[0mGET /css/_post.css [36m304[0m 11.305 ms - -[0m
[0mGET /css/_answer.css [36m304[0m 11.496 ms - -[0m
[0mGET /js/chat_engine.js [36m304[0m 8.775 ms - -[0m
[0mGET / [36m304[0m 85.288 ms - -[0m
[0mGET /css/layout.css [36m304[0m 2.379 ms - -[0m
[0mGET /css/home.css [36m304[0m 4.917 ms - -[0m
[0mGET /css/chat_box.css [36m304[0m 4.321 ms - -[0m
[0mGET /css/_post.css [36m304[0m 3.702 ms - -[0m
[0mGET /css/_answer.css [36m304[0m 4.928 ms - -[0m
[0mGET /css/_header.css [32m200[0m 13.452 ms - 914[0m
[0mGET /js/chat_engine.js [36m304[0m 3.718 ms - -[0m
[0mGET / [36m304[0m 93.446 ms - -[0m
[0mGET /css/layout.css [36m304[0m 6.460 ms - -[0m
[0mGET /css/home.css [36m304[0m 6.960 ms - -[0m
[0mGET /css/chat_box.css [36m304[0m 4.861 ms - -[0m
[0mGET /css/_post.css [36m304[0m 4.154 ms - -[0m
[0mGET /css/_answer.css [36m304[0m 4.688 ms - -[0m
[0mGET /css/_header.css [32m200[0m 15.080 ms - 911[0m
[0mGET /js/chat_engine.js [36m304[0m 1.094 ms - -[0m
[0mGET /users/sign-out [36m302[0m 19.249 ms - 46[0m
[0mGET / [32m200[0m 94.405 ms - 36144[0m
[0mGET /css/layout.css [36m304[0m 1.224 ms - -[0m
[0mGET /css/_header.css [36m304[0m 6.704 ms - -[0m
[0mGET /css/home.css [36m304[0m 6.838 ms - -[0m
[0mGET /css/chat_box.css [36m304[0m 5.649 ms - -[0m
[0mGET /css/_post.css [36m304[0m 4.652 ms - -[0m
[0mGET /css/_answer.css [36m304[0m 4.691 ms - -[0m
[0mGET /js/chat_engine.js [36m304[0m 5.306 ms - -[0m
[0mGET /users/sign-in [36m304[0m 11.991 ms - -[0m
[0mGET /css/layout.css [36m304[0m 1.109 ms - -[0m
[0mGET /css/_header.css [36m304[0m 0.895 ms - -[0m
[0mGET / [32m200[0m 242.815 ms - 3209[0m
[0mGET /css/layout.css [36m304[0m 19.749 ms - -[0m
[0mGET /js/chat_engine.js [36m304[0m 8.932 ms - -[0m
[0mGET /css/home.css [36m304[0m 8.298 ms - -[0m
[0mGET /css/chat_box.css [36m304[0m 6.641 ms - -[0m
[0mGET /css/_header.css [32m200[0m 38.079 ms - 911[0m
[0mGET / [36m304[0m 172.953 ms - -[0m
[0mGET /css/layout.css [36m304[0m 6.708 ms - -[0m
[0mGET /css/_header.css [36m304[0m 4.664 ms - -[0m
[0mGET /css/home.css [36m304[0m 5.224 ms - -[0m
[0mGET /css/chat_box.css [36m304[0m 5.186 ms - -[0m
[0mGET /js/chat_engine.js [36m304[0m 6.017 ms - -[0m
[0mGET /users/sign-in [36m304[0m 69.632 ms - -[0m
[0mGET /css/layout.css [36m304[0m 7.932 ms - -[0m
[0mGET /css/_header.css [36m304[0m 12.053 ms - -[0m
[0mPOST /users/create-session [36m302[0m 242.397 ms - 46[0m
[0mGET / [32m200[0m 629.755 ms - 4365[0m
[0mGET /css/_header.css [36m304[0m 8.946 ms - -[0m
[0mGET /css/layout.css [36m304[0m 22.313 ms - -[0m
[0mGET /css/chat_box.css [36m304[0m 12.495 ms - -[0m
[0mGET /js/chat_engine.js [36m304[0m 3.870 ms - -[0m
[0mGET /css/home.css [36m304[0m 2.848 ms - -[0m
[0mPOST /posts/create [36m302[0m 189.269 ms - 88[0m
[0mGET /css/layout.css [36m304[0m 1.686 ms - -[0m
[0mGET / [32m200[0m 321.153 ms - 6405[0m
[0mGET /css/_header.css [36m304[0m 11.945 ms - -[0m
[0mGET /css/home.css [36m304[0m 9.207 ms - -[0m
[0mGET /css/chat_box.css [36m304[0m 5.114 ms - -[0m
[0mGET /css/_post.css [36m304[0m 5.062 ms - -[0m
[0mGET /js/chat_engine.js [36m304[0m 4.873 ms - -[0m
[0mGET / [36m304[0m 333.138 ms - -[0m
[0mGET /css/layout.css [36m304[0m 6.031 ms - -[0m
[0mGET /css/_header.css [36m304[0m 6.286 ms - -[0m
[0mGET /css/home.css [36m304[0m 6.122 ms - -[0m
[0mGET /css/chat_box.css [36m304[0m 13.793 ms - -[0m
[0mGET /css/_post.css [36m304[0m 6.016 ms - -[0m
[0mGET /js/chat_engine.js [36m304[0m 5.293 ms - -[0m
[0mGET /users/sign-out [36m302[0m 243.932 ms - 46[0m
[0mGET / [32m200[0m 242.873 ms - 5025[0m
[0mGET /css/layout.css [36m304[0m 10.440 ms - -[0m
[0mGET /css/_header.css [36m304[0m 5.731 ms - -[0m
[0mGET /css/home.css [36m304[0m 10.471 ms - -[0m
[0mGET /css/chat_box.css [36m304[0m 10.112 ms - -[0m
[0mGET /css/_post.css [36m304[0m 8.451 ms - -[0m
[0mGET /js/chat_engine.js [36m304[0m 7.448 ms - -[0m
[0mGET / [32m200[0m 230.125 ms - 4722[0m
[0mGET /css/layout.css [36m304[0m 15.780 ms - -[0m
[0mGET /css/_header.css [36m304[0m 16.288 ms - -[0m
[0mGET /css/home.css [36m304[0m 10.149 ms - -[0m
[0mGET /css/chat_box.css [36m304[0m 14.766 ms - -[0m
[0mGET /css/_post.css [36m304[0m 6.024 ms - -[0m
[0mGET /js/chat_engine.js [36m304[0m 5.586 ms - -[0m
[0mGET / [36m304[0m 225.189 ms - -[0m
[0mGET /css/layout.css [36m304[0m 2.283 ms - -[0m
[0mGET /css/_header.css [36m304[0m 1.067 ms - -[0m
[0mGET /css/home.css [36m304[0m 3.550 ms - -[0m
[0mGET /css/chat_box.css [36m304[0m 4.912 ms - -[0m
[0mGET /css/_post.css [36m304[0m 5.069 ms - -[0m
[0mGET /js/chat_engine.js [36m304[0m 1.212 ms - -[0m
[0mGET /users/sign-in [36m304[0m 56.812 ms - -[0m
[0mGET /css/layout.css [36m304[0m 3.268 ms - -[0m
[0mGET /css/_header.css [36m304[0m 2.374 ms - -[0m
[0mGET /css/_header.css [36m304[0m 4.130 ms - -[0m
[0mGET /css/layout.css [36m304[0m 3.428 ms - -[0m
[0mGET /users/sign-up [32m200[0m 57.890 ms - 3103[0m
[0mPOST /users/create [36m302[0m 164.154 ms - 72[0m
[0mGET /users/sign-in [36m304[0m 60.188 ms - -[0m
[0mGET /css/layout.css [36m304[0m 4.081 ms - -[0m
[0mGET /css/_header.css [36m304[0m 8.316 ms - -[0m
[0mPOST /users/create-session [36m302[0m 246.498 ms - 46[0m
[0mGET / [32m200[0m 354.348 ms - 6629[0m
[0mGET /css/layout.css [36m304[0m 18.511 ms - -[0m
[0mGET /css/_header.css [36m304[0m 16.284 ms - -[0m
[0mGET /css/home.css [36m304[0m 17.119 ms - -[0m
[0mGET /css/chat_box.css [36m304[0m 25.600 ms - -[0m
[0mGET /css/_post.css [36m304[0m 5.872 ms - -[0m
[0mGET /js/chat_engine.js [36m304[0m 4.845 ms - -[0m
[0mPOST /answers/create [36m302[0m 211.273 ms - 88[0m
[0mGET / [32m200[0m 404.323 ms - 8320[0m
[0mGET /css/layout.css [36m304[0m 4.978 ms - -[0m
[0mGET /css/_header.css [36m304[0m 2.783 ms - -[0m
[0mGET /css/home.css [36m304[0m 6.983 ms - -[0m
[0mGET /css/chat_box.css [36m304[0m 7.255 ms - -[0m
[0mGET /css/_post.css [36m304[0m 6.912 ms - -[0m
[0mGET /css/_answer.css [36m304[0m 6.083 ms - -[0m
[0mGET /js/chat_engine.js [36m304[0m 5.416 ms - -[0m
[0mGET /users/profile/65171b220bd2cc81b71235ee [32m200[0m 227.711 ms - 3674[0m
[0mGET /css/layout.css [36m304[0m 14.155 ms - -[0m
[0mGET /css/_header.css [36m304[0m 12.862 ms - -[0m
[0mGET /css/profile.css [36m304[0m 11.688 ms - -[0m
[0mGET /css/home.css [36m304[0m 11.316 ms - -[0m
[0mGET /css/_post.css [36m304[0m 11.067 ms - -[0m
[0mGET /css/_answer.css [36m304[0m 10.758 ms - -[0m
[0mGET / [36m304[0m 382.039 ms - -[0m
[0mGET /css/layout.css [36m304[0m 2.134 ms - -[0m
[0mGET /css/_header.css [36m304[0m 15.691 ms - -[0m
[0mGET /css/home.css [36m304[0m 16.739 ms - -[0m
[0mGET /css/chat_box.css [36m304[0m 12.220 ms - -[0m
[0mGET /css/_post.css [36m304[0m 10.688 ms - -[0m
[0mGET /css/_answer.css [36m304[0m 11.194 ms - -[0m
[0mGET /js/chat_engine.js [36m304[0m 12.466 ms - -[0m
[0mGET /users/profile/6516f2507e4ddf0f68af3807 [32m200[0m 235.401 ms - 3776[0m
[0mGET /css/layout.css [36m304[0m 13.122 ms - -[0m
[0mGET /css/_header.css [36m304[0m 13.202 ms - -[0m
[0mGET /css/profile.css [36m304[0m 13.118 ms - -[0m
[0mGET /css/home.css [36m304[0m 13.789 ms - -[0m
[0mGET /css/_post.css [36m304[0m 17.899 ms - -[0m
[0mGET /css/_answer.css [36m304[0m 19.153 ms - -[0m
[0mPOST /friend/create-friend [36m302[0m 319.095 ms - 164[0m
[0mGET /css/layout.css [36m304[0m 4.412 ms - -[0m
[0mGET /css/_header.css [36m304[0m 4.480 ms - -[0m
[0mGET /css/profile.css [36m304[0m 7.063 ms - -[0m
[0mGET /css/home.css [36m304[0m 4.031 ms - -[0m
[0mGET /css/_post.css [36m304[0m 3.971 ms - -[0m
[0mGET /css/_answer.css [36m304[0m 1.570 ms - -[0m
[0mGET /users/profile/6516f2507e4ddf0f68af3807 [32m200[0m 210.337 ms - 3757[0m
[0mGET /css/layout.css [36m304[0m 5.756 ms - -[0m
[0mGET /css/_header.css [36m304[0m 5.575 ms - -[0m
[0mGET /css/home.css [36m304[0m 10.214 ms - -[0m
[0mGET / [32m200[0m 450.129 ms - 9167[0m
[0mGET /css/chat_box.css [36m304[0m 10.294 ms - -[0m
[0mGET /css/_post.css [36m304[0m 10.190 ms - -[0m
[0mGET /css/_answer.css [36m304[0m 8.783 ms - -[0m
[0mGET /js/chat_engine.js [36m304[0m 1.131 ms - -[0m
[0mGET /css/layout.css [32m200[0m 33.807 ms - 751[0m
[0mGET /css/_header.css [32m200[0m 35.849 ms - 852[0m
[0mGET /css/home.css [32m200[0m 35.820 ms - 3458[0m
[0mGET /css/chat_box.css [32m200[0m 42.167 ms - 1118[0m
[0mGET /js/chat_engine.js [32m200[0m 37.567 ms - 2273[0m
[0mGET / [32m200[0m 108.329 ms - 2969[0m
[0mGET /favicon.ico [33m404[0m 35.065 ms - 150[0m
[0mGET /users/sign-in [32m200[0m 11.298 ms - 3029[0m
[0mGET /css/layout.css [36m304[0m 6.756 ms - -[0m
[0mGET /css/_header.css [36m304[0m 2.561 ms - -[0m
[0mPOST /users/create-session [36m302[0m 23.813 ms - 72[0m
[0mGET /users/sign-in [36m304[0m 18.735 ms - -[0m
[0mGET /css/layout.css [36m304[0m 2.753 ms - -[0m
[0mGET /css/_header.css [36m304[0m 3.618 ms - -[0m
[0mGET /users/sign-up [32m200[0m 8.723 ms - 3023[0m
[0mGET /css/layout.css [36m304[0m 2.492 ms - -[0m
[0mGET /css/_header.css [36m304[0m 2.773 ms - -[0m
[0mPOST /users/create [36m302[0m 60.948 ms - 72[0m
[0mGET /users/sign-in [36m304[0m 114.713 ms - -[0m
[0mGET /css/layout.css [36m304[0m 2.699 ms - -[0m
[0mGET /css/_header.css [36m304[0m 2.973 ms - -[0m
[0mPOST /users/create-session [36m302[0m 31.207 ms - 46[0m
[0mGET / [32m200[0m 81.603 ms - 4226[0m
[0mGET /css/layout.css [36m304[0m 5.549 ms - -[0m
[0mGET /css/_header.css [36m304[0m 5.563 ms - -[0m
[0mGET /css/home.css [36m304[0m 14.875 ms - -[0m
[0mGET /css/chat_box.css [36m304[0m 5.168 ms - -[0m
[0mGET /js/chat_engine.js [36m304[0m 4.120 ms - -[0m
[0mGET / [32m200[0m 25.268 ms - 3933[0m
[0mGET /css/layout.css [36m304[0m 3.750 ms - -[0m
[0mGET /css/_header.css [36m304[0m 4.157 ms - -[0m
[0mGET /css/home.css [36m304[0m 14.769 ms - -[0m
[0mGET /css/chat_box.css [36m304[0m 9.160 ms - -[0m
[0mGET /js/chat_engine.js [36m304[0m 6.390 ms - -[0m
[0mGET /users/profile/65af4c295a27bbe7b7a90ce3 [32m200[0m 22.190 ms - 3599[0m
[0mGET /css/layout.css [36m304[0m 1.596 ms - -[0m
[0mGET /css/_header.css [36m304[0m 2.812 ms - -[0m
[0mGET /css/profile.css [32m200[0m 21.993 ms - 832[0m
[0mGET /css/_post.css [32m200[0m 23.561 ms - 1843[0m
[0mGET /css/_answer.css [32m200[0m 26.350 ms - 2641[0m
[0mGET /css/home.css [36m304[0m 11.836 ms - -[0m
[0mPOST /posts/create [36m302[0m 18.240 ms - 88[0m
[0mGET / [32m200[0m 78.163 ms - 6204[0m
[0mGET /css/layout.css [36m304[0m 1.393 ms - -[0m
[0mGET /css/_header.css [36m304[0m 10.542 ms - -[0m
[0mGET /css/_post.css [36m304[0m 6.583 ms - -[0m
[0mGET /css/home.css [36m304[0m 4.666 ms - -[0m
[0mGET /css/chat_box.css [36m304[0m 7.810 ms - -[0m
[0mGET /js/chat_engine.js [36m304[0m 7.753 ms - -[0m
[0mPOST /likes/create-post-like [36m302[0m 28.693 ms - 88[0m
[0mGET / [32m200[0m 34.200 ms - 6204[0m
[0mGET /css/layout.css [36m304[0m 2.423 ms - -[0m
[0mGET /css/_header.css [36m304[0m 2.203 ms - -[0m
[0mGET /css/home.css [36m304[0m 6.593 ms - -[0m
[0mGET /css/chat_box.css [36m304[0m 4.749 ms - -[0m
[0mGET /css/_post.css [36m304[0m 2.470 ms - -[0m
[0mGET /js/chat_engine.js [36m304[0m 2.558 ms - -[0m
[0mPOST /dislikes/create-post-dislike [36m302[0m 43.669 ms - 88[0m
[0mGET / [32m200[0m 37.871 ms - 6204[0m
[0mGET /css/layout.css [36m304[0m 1.237 ms - -[0m
[0mGET /css/_header.css [36m304[0m 2.451 ms - -[0m
[0mGET /css/home.css [36m304[0m 5.463 ms - -[0m
[0mGET /css/chat_box.css [36m304[0m 3.371 ms - -[0m
[0mGET /css/_post.css [36m304[0m 10.956 ms - -[0m
[0mGET /js/chat_engine.js [36m304[0m 3.139 ms - -[0m
